app/build/intermediates/manifest_merge_blame_file/debug/manifest-merger-blame-debug-report.txt
1<?xml version="1.0" encoding="utf-8"?>
2<manifest xmlns:android="http://schemas.android.com/apk/res/android"
3    package="com.project.adunik_krisi"
4    android:versionCode="1"
5    android:versionName="1.0" >
6
7    <uses-sdk
8        android:minSdkVersion="23"
8-->src\main\AndroidManifest.xml
9        android:targetSdkVersion="30" />
9-->src\main\AndroidManifest.xml
10
11    <uses-permission android:name="android.permission.INTERNET" />
11-->src\main\AndroidManifest.xml:6:5-67
11-->src\main\AndroidManifest.xml:6:22-64
12    <uses-permission android:name="android.permission.WRITE_EXTERNAL_STORAGE" />
12-->src\main\AndroidManifest.xml:7:5-81
12-->src\main\AndroidManifest.xml:7:22-78
13    <uses-permission android:name="android.permission.READ_EXTERNAL_STORAGE" />
13-->[com.github.maayyaannkk:ImagePicker:1.0.4] AndroidManifest.xml:12:5-80
13-->[com.github.maayyaannkk:ImagePicker:1.0.4] AndroidManifest.xml:12:22-77
14
15    <application
15-->src\main\AndroidManifest.xml:9:5-52:19
16        android:allowBackup="true"
16-->src\main\AndroidManifest.xml:10:9-35
17        android:appComponentFactory="androidx.core.app.CoreComponentFactory"
17-->[androidx.core:core:1.3.1] AndroidManifest.xml:24:18-86
18        android:debuggable="true"
19        android:extractNativeLibs="false"
20        android:icon="@drawable/logo_square"
20-->src\main\AndroidManifest.xml:11:9-45
21        android:label="@string/app_name"
21-->src\main\AndroidManifest.xml:12:9-41
22        android:roundIcon="@drawable/logo_circle"
22-->src\main\AndroidManifest.xml:13:9-50
23        android:supportsRtl="true"
23-->src\main\AndroidManifest.xml:14:9-35
24        android:testOnly="true"
25        android:theme="@style/Theme.Adunik_krisi"
25-->src\main\AndroidManifest.xml:15:9-50
26        android:usesCleartextTraffic="true" >
26-->src\main\AndroidManifest.xml:16:9-44
27        <activity android:name="com.project.adunik_krisi.KrisiInformation.DhanerJatActivity" />
27-->src\main\AndroidManifest.xml:18:9-81
27-->src\main\AndroidManifest.xml:18:19-69
28        <activity android:name="com.project.adunik_krisi.KrisiInformation.DhanerProkriyakoronActivity" />
28-->src\main\AndroidManifest.xml:19:9-82
28-->src\main\AndroidManifest.xml:19:19-79
29        <activity android:name="com.project.adunik_krisi.KrisiInformation.DhanerSessionActivity" />
29-->src\main\AndroidManifest.xml:20:9-76
29-->src\main\AndroidManifest.xml:20:19-73
30        <activity android:name="com.project.adunik_krisi.KrisiInformation.DhanerInfoActivity" />
30-->src\main\AndroidManifest.xml:21:9-73
30-->src\main\AndroidManifest.xml:21:19-70
31        <activity android:name="com.project.adunik_krisi.KrisiInformation.KrisiInfoMainActivity" />
31-->src\main\AndroidManifest.xml:22:9-76
31-->src\main\AndroidManifest.xml:22:19-73
32        <activity android:name="com.project.adunik_krisi.ViewAdminNoticesActivity" />
32-->src\main\AndroidManifest.xml:23:9-62
32-->src\main\AndroidManifest.xml:23:19-59
33        <activity android:name="com.project.adunik_krisi.Admin.AddNoticeAdminActivity" />
33-->src\main\AndroidManifest.xml:24:9-66
33-->src\main\AndroidManifest.xml:24:19-63
34        <activity android:name="com.project.adunik_krisi.Admin.UsersList.FarmersListAdminActivity" />
34-->src\main\AndroidManifest.xml:25:9-78
34-->src\main\AndroidManifest.xml:25:19-75
35        <activity android:name="com.project.adunik_krisi.Admin.UsersList.CustomersListAdminActivity" />
35-->src\main\AndroidManifest.xml:26:9-80
35-->src\main\AndroidManifest.xml:26:19-77
36        <activity android:name="com.project.adunik_krisi.Customer.FarmersList.FarmersListCusActivity" />
36-->src\main\AndroidManifest.xml:27:9-81
36-->src\main\AndroidManifest.xml:27:19-78
37        <activity android:name="com.project.adunik_krisi.Customer.Orders.OrderListCusActivity" />
37-->src\main\AndroidManifest.xml:28:9-74
37-->src\main\AndroidManifest.xml:28:19-71
38        <activity android:name="com.project.adunik_krisi.Farmer.Profile.EditProfileFarmerActivity" />
38-->src\main\AndroidManifest.xml:29:9-78
38-->src\main\AndroidManifest.xml:29:19-75
39        <activity android:name="com.project.adunik_krisi.Farmer.Profile.ProfileFarmerActivity" />
39-->src\main\AndroidManifest.xml:30:9-74
39-->src\main\AndroidManifest.xml:30:19-71
40        <activity android:name="com.project.adunik_krisi.Customer.Profile.EditProfileCusActivity" />
40-->src\main\AndroidManifest.xml:31:9-77
40-->src\main\AndroidManifest.xml:31:19-74
41        <activity android:name="com.project.adunik_krisi.Customer.Profile.ProfileCusActivity" />
41-->src\main\AndroidManifest.xml:32:9-73
41-->src\main\AndroidManifest.xml:32:19-70
42        <activity android:name="com.project.adunik_krisi.Admin.Profile.EditProfileAdminActivity" />
42-->src\main\AndroidManifest.xml:33:9-76
42-->src\main\AndroidManifest.xml:33:19-73
43        <activity android:name="com.project.adunik_krisi.Admin.Profile.ProfileAdminActivity" />
43-->src\main\AndroidManifest.xml:34:9-72
43-->src\main\AndroidManifest.xml:34:19-69
44        <activity android:name="com.project.adunik_krisi.Farmer.FarmerMainActivity" />
44-->src\main\AndroidManifest.xml:35:9-63
44-->src\main\AndroidManifest.xml:35:19-60
45        <activity android:name="com.project.adunik_krisi.Customer.CusMainActivity" />
45-->src\main\AndroidManifest.xml:36:9-62
45-->src\main\AndroidManifest.xml:36:19-59
46        <activity android:name="com.project.adunik_krisi.Admin.AdminMainActivity" />
46-->src\main\AndroidManifest.xml:37:9-61
46-->src\main\AndroidManifest.xml:37:19-58
47        <activity android:name="com.project.adunik_krisi.ContactAdminActivity" />
47-->src\main\AndroidManifest.xml:38:9-58
47-->src\main\AndroidManifest.xml:38:19-55
48        <activity android:name="com.project.adunik_krisi.RegistrationActivity" />
48-->src\main\AndroidManifest.xml:39:9-58
48-->src\main\AndroidManifest.xml:39:19-55
49        <activity android:name="com.project.adunik_krisi.LoginActivity" />
49-->src\main\AndroidManifest.xml:40:9-51
49-->src\main\AndroidManifest.xml:40:19-48
50        <activity android:name="com.project.adunik_krisi.SplashActivity" >
50-->src\main\AndroidManifest.xml:41:9-47:20
50-->src\main\AndroidManifest.xml:41:19-49
51            <intent-filter>
51-->src\main\AndroidManifest.xml:42:13-46:29
52                <action android:name="android.intent.action.MAIN" />
52-->src\main\AndroidManifest.xml:43:17-69
52-->src\main\AndroidManifest.xml:43:25-66
53
54                <category android:name="android.intent.category.LAUNCHER" />
54-->src\main\AndroidManifest.xml:45:17-77
54-->src\main\AndroidManifest.xml:45:27-74
55            </intent-filter>
56        </activity>
57
58        <uses-library
58-->src\main\AndroidManifest.xml:49:9-51:40
59            android:name="org.apache.http.legacy"
59-->src\main\AndroidManifest.xml:50:13-50
60            android:required="false" />
60-->src\main\AndroidManifest.xml:51:13-37
61
62        <activity
62-->[com.karumi:dexter:5.0.0] AndroidManifest.xml:27:9-29:72
63            android:name="com.karumi.dexter.DexterActivity"
63-->[com.karumi:dexter:5.0.0] AndroidManifest.xml:28:13-60
64            android:theme="@style/Dexter.Internal.Theme.Transparent" />
64-->[com.karumi:dexter:5.0.0] AndroidManifest.xml:29:13-69
65        <activity
65-->[com.github.maayyaannkk:ImagePicker:1.0.4] AndroidManifest.xml:15:9-17:67
66            android:name="in.mayanknagwanshi.imagepicker.ImageSelectActivity"
66-->[com.github.maayyaannkk:ImagePicker:1.0.4] AndroidManifest.xml:16:13-78
67            android:theme="@style/Theme.AppCompat.Light.Dialog" />
67-->[com.github.maayyaannkk:ImagePicker:1.0.4] AndroidManifest.xml:17:13-64
68
69        <provider
69-->[com.github.maayyaannkk:ImagePicker:1.0.4] AndroidManifest.xml:19:9-27:20
70            android:name="androidx.core.content.FileProvider"
70-->[com.github.maayyaannkk:ImagePicker:1.0.4] AndroidManifest.xml:20:13-62
71            android:authorities="com.project.adunik_krisi.provider"
71-->[com.github.maayyaannkk:ImagePicker:1.0.4] AndroidManifest.xml:21:13-60
72            android:exported="false"
72-->[com.github.maayyaannkk:ImagePicker:1.0.4] AndroidManifest.xml:22:13-37
73            android:grantUriPermissions="true" >
73-->[com.github.maayyaannkk:ImagePicker:1.0.4] AndroidManifest.xml:23:13-47
74            <meta-data
74-->[com.github.maayyaannkk:ImagePicker:1.0.4] AndroidManifest.xml:24:13-26:58
75                android:name="android.support.FILE_PROVIDER_PATHS"
75-->[com.github.maayyaannkk:ImagePicker:1.0.4] AndroidManifest.xml:25:17-67
76                android:resource="@xml/provider_paths" />
76-->[com.github.maayyaannkk:ImagePicker:1.0.4] AndroidManifest.xml:26:17-55
77        </provider>
78    </application>
79
80</manifest>